<?xml version="1.0" encoding="UTF-8"?>
<robot generator="Robot 3.2 (Python 3.8.2 on win32)" generated="20200506 12:38:39.620" rpa="false">
<suite id="s1" name="TEST1" source="C:\Users\preet\git\RobotProject2\TEST1">
<suite id="s1-s1" name="Tes" source="C:\Users\preet\git\RobotProject2\TEST1\Tes">
<suite id="s1-s1-s1" name="A1" source="C:\Users\preet\git\RobotProject2\TEST1\Tes\A1.robot">
<test id="s1-s1-s1-t1" name="MyFirstSeleniumTest">
<kw name="Open Browser" library="SeleniumLibrary">
<doc>Opens a new browser instance to the optional ``url``.</doc>
<arguments>
<arg>https://www.google.com</arg>
<arg>chrome</arg>
</arguments>
<msg timestamp="20200506 12:38:39.898" level="INFO">Opening browser 'chrome' to base url 'https://www.google.com'.</msg>
<status status="PASS" starttime="20200506 12:38:39.897" endtime="20200506 12:38:44.666"></status>
</kw>
<kw name="Set Browser Implicit Wait" library="SeleniumLibrary">
<doc>Sets the implicit wait value used by Selenium.</doc>
<arguments>
<arg>3s</arg>
</arguments>
<status status="PASS" starttime="20200506 12:38:44.666" endtime="20200506 12:38:44.668"></status>
</kw>
<kw name="Get Location" library="SeleniumLibrary">
<doc>Returns the current browser window URL.</doc>
<assign>
<var>${URL1}</var>
</assign>
<msg timestamp="20200506 12:38:44.678" level="INFO">${URL1} = https://www.google.com/</msg>
<status status="PASS" starttime="20200506 12:38:44.668" endtime="20200506 12:38:44.679"></status>
</kw>
<kw name="Log To Console" library="BuiltIn">
<doc>Logs the given message to the console.</doc>
<arguments>
<arg>${URL1}</arg>
</arguments>
<status status="PASS" starttime="20200506 12:38:44.679" endtime="20200506 12:38:44.680"></status>
</kw>
<kw name="Input Text" library="SeleniumLibrary">
<doc>Types the given ``text`` into the text field identified by ``locator``.</doc>
<arguments>
<arg>name=q</arg>
<arg>Python Automation</arg>
</arguments>
<msg timestamp="20200506 12:38:44.681" level="INFO">Typing text 'Python Automation' into text field 'name=q'.</msg>
<status status="PASS" starttime="20200506 12:38:44.680" endtime="20200506 12:38:44.900"></status>
</kw>
<kw name="Press Keys" library="SeleniumLibrary">
<doc>Simulates the user pressing key(s) to an element or on the active browser.</doc>
<arguments>
<arg>name=q</arg>
<arg>ENTER</arg>
</arguments>
<msg timestamp="20200506 12:38:44.901" level="INFO">Sending key(s) ('ENTER',) to name=q element.</msg>
<msg timestamp="20200506 12:38:45.195" level="INFO">Pressing special key ENTER to element.</msg>
<msg timestamp="20200506 12:38:45.195" level="INFO">Releasing special key ENTER.</msg>
<status status="PASS" starttime="20200506 12:38:44.901" endtime="20200506 12:38:46.713"></status>
</kw>
<kw name="Sleep" library="BuiltIn">
<doc>Pauses the test executed for the given time.</doc>
<arguments>
<arg>3s</arg>
</arguments>
<msg timestamp="20200506 12:38:49.715" level="INFO">Slept 3 seconds</msg>
<status status="PASS" starttime="20200506 12:38:46.714" endtime="20200506 12:38:49.715"></status>
</kw>
<kw name="Execute Javascript" library="SeleniumLibrary">
<doc>Executes the given JavaScript code with possible arguments.</doc>
<arguments>
<arg>window.scrollTo(0,1000)</arg>
</arguments>
<msg timestamp="20200506 12:38:49.716" level="INFO">Executing JavaScript:
window.scrollTo(0,1000)
Without any arguments.</msg>
<status status="PASS" starttime="20200506 12:38:49.715" endtime="20200506 12:38:49.728"></status>
</kw>
<kw name="Sleep" library="BuiltIn">
<doc>Pauses the test executed for the given time.</doc>
<arguments>
<arg>5s</arg>
</arguments>
<msg timestamp="20200506 12:38:54.731" level="INFO">Slept 5 seconds</msg>
<status status="PASS" starttime="20200506 12:38:49.729" endtime="20200506 12:38:54.731"></status>
</kw>
<kw name="Go To" library="SeleniumLibrary">
<doc>Navigates the current browser window to the provided ``url``.</doc>
<arguments>
<arg>https://www.bing.com</arg>
</arguments>
<msg timestamp="20200506 12:38:54.732" level="INFO">Opening url 'https://www.bing.com'</msg>
<status status="PASS" starttime="20200506 12:38:54.732" endtime="20200506 12:38:55.225"></status>
</kw>
<kw name="Get Location" library="SeleniumLibrary">
<doc>Returns the current browser window URL.</doc>
<assign>
<var>${URL2}</var>
</assign>
<msg timestamp="20200506 12:38:55.233" level="INFO">${URL2} = https://www.bing.com/</msg>
<status status="PASS" starttime="20200506 12:38:55.226" endtime="20200506 12:38:55.233"></status>
</kw>
<kw name="Log To Console" library="BuiltIn">
<doc>Logs the given message to the console.</doc>
<arguments>
<arg>${URL2}</arg>
</arguments>
<status status="PASS" starttime="20200506 12:38:55.233" endtime="20200506 12:38:55.234"></status>
</kw>
<kw name="Sleep" library="BuiltIn">
<doc>Pauses the test executed for the given time.</doc>
<arguments>
<arg>3s</arg>
</arguments>
<msg timestamp="20200506 12:38:58.235" level="INFO">Slept 3 seconds</msg>
<status status="PASS" starttime="20200506 12:38:55.234" endtime="20200506 12:38:58.235"></status>
</kw>
<kw name="Go Back" library="SeleniumLibrary">
<doc>Simulates the user clicking the back button on their browser.</doc>
<status status="PASS" starttime="20200506 12:38:58.235" endtime="20200506 12:38:59.037"></status>
</kw>
<kw name="Sleep" library="BuiltIn">
<doc>Pauses the test executed for the given time.</doc>
<arguments>
<arg>3s</arg>
</arguments>
<msg timestamp="20200506 12:39:02.038" level="INFO">Slept 3 seconds</msg>
<status status="PASS" starttime="20200506 12:38:59.037" endtime="20200506 12:39:02.038"></status>
</kw>
<kw name="Log" library="BuiltIn">
<doc>Logs the given message with the given level.</doc>
<arguments>
<arg>Hello Preeta</arg>
</arguments>
<msg timestamp="20200506 12:39:02.039" level="INFO">Hello Preeta</msg>
<status status="PASS" starttime="20200506 12:39:02.039" endtime="20200506 12:39:02.039"></status>
</kw>
<kw name="Close All Browsers" library="SeleniumLibrary">
<doc>Closes all open browsers and resets the browser cache.</doc>
<status status="PASS" starttime="20200506 12:39:02.039" endtime="20200506 12:39:04.248"></status>
</kw>
<status status="PASS" starttime="20200506 12:38:39.895" endtime="20200506 12:39:04.248" critical="yes"></status>
</test>
<status status="PASS" starttime="20200506 12:38:39.692" endtime="20200506 12:39:04.249"></status>
</suite>
<status status="PASS" starttime="20200506 12:38:39.690" endtime="20200506 12:39:04.251"></status>
</suite>
<status status="PASS" starttime="20200506 12:38:39.653" endtime="20200506 12:39:04.253"></status>
</suite>
<statistics>
<total>
<stat pass="1" fail="0">Critical Tests</stat>
<stat pass="1" fail="0">All Tests</stat>
</total>
<tag>
</tag>
<suite>
<stat pass="1" fail="0" id="s1" name="TEST1">TEST1</stat>
<stat pass="1" fail="0" id="s1-s1" name="Tes">TEST1.Tes</stat>
<stat pass="1" fail="0" id="s1-s1-s1" name="A1">TEST1.Tes.A1</stat>
</suite>
</statistics>
<errors>
</errors>
</robot>
