<?xml version="1.0" encoding="UTF-8"?>
<robot generator="Robot 3.2 (Python 3.8.2 on win32)" generated="20200430 19:33:43.929" rpa="false">
<suite id="s1" name="TEST1" source="C:\Selenium\workspace\TEST1">
<suite id="s1-s1" name="Tes" source="C:\Selenium\workspace\TEST1\Tes">
<suite id="s1-s1-s1" name="B1" source="C:\Selenium\workspace\TEST1\Tes\B1.robot">
<test id="s1-s1-s1-t1" name="MyFirstTest1">
<kw name="Log" library="BuiltIn">
<doc>Logs the given message with the given level.</doc>
<arguments>
<arg>Hello Baba...</arg>
</arguments>
<msg timestamp="20200430 19:33:43.997" level="INFO">Hello Baba...</msg>
<status status="PASS" starttime="20200430 19:33:43.997" endtime="20200430 19:33:43.998"></status>
</kw>
<status status="PASS" starttime="20200430 19:33:43.996" endtime="20200430 19:33:43.998" critical="yes"></status>
</test>
<status status="PASS" starttime="20200430 19:33:43.994" endtime="20200430 19:33:43.998"></status>
</suite>
<status status="PASS" starttime="20200430 19:33:43.992" endtime="20200430 19:33:43.999"></status>
</suite>
<status status="PASS" starttime="20200430 19:33:43.960" endtime="20200430 19:33:44.000"></status>
</suite>
<statistics>
<total>
<stat pass="1" fail="0">Critical Tests</stat>
<stat pass="1" fail="0">All Tests</stat>
</total>
<tag>
</tag>
<suite>
<stat pass="1" fail="0" id="s1" name="TEST1">TEST1</stat>
<stat pass="1" fail="0" id="s1-s1" name="Tes">TEST1.Tes</stat>
<stat pass="1" fail="0" id="s1-s1-s1" name="B1">TEST1.Tes.B1</stat>
</suite>
</statistics>
<errors>
</errors>
</robot>
